{"level":"info","message":"redis connection is established","service":"post-service","timestamp":"2025-12-19T12:13:52.276Z"}
{"level":"info","message":"redis is ready","service":"post-service","timestamp":"2025-12-19T12:13:52.285Z"}
{"level":"info","message":"connected to mongodb","service":"post-service","timestamp":"2025-12-19T12:13:52.295Z"}
{"level":"info","message":"redis connection is established","service":"post-service","timestamp":"2025-12-19T12:34:08.588Z"}
{"level":"info","message":"connected to mongodb","service":"post-service","timestamp":"2025-12-19T12:34:08.603Z"}
{"level":"info","message":"redis is ready","service":"post-service","timestamp":"2025-12-19T12:34:08.606Z"}
{"level":"info","message":"recieved POST request to /api/post/create","service":"post-service","timestamp":"2025-12-19T13:54:05.649Z"}
{"level":"warn","message":"access attempted without user ID","service":"post-service","timestamp":"2025-12-19T13:54:05.649Z"}
{"level":"info","message":"redis connection is established","service":"post-service","timestamp":"2025-12-19T13:55:14.257Z"}
{"level":"info","message":"connected to mongodb","service":"post-service","timestamp":"2025-12-19T13:55:14.271Z"}
{"level":"info","message":"redis is ready","service":"post-service","timestamp":"2025-12-19T13:55:14.274Z"}
{"level":"info","message":"recieved POST request to /api/post/create","service":"post-service","timestamp":"2025-12-19T13:55:17.782Z"}
{"level":"warn","message":"access attempted without user ID","service":"post-service","timestamp":"2025-12-19T13:55:17.783Z"}
{"level":"info","message":"recieved POST request to /api/post/create","service":"post-service","timestamp":"2025-12-19T13:56:04.201Z"}
{"level":"info","message":"post created successfully","service":"post-service","timestamp":"2025-12-19T13:56:04.211Z"}
{"level":"info","message":"redis connection is established","service":"post-service","timestamp":"2025-12-19T14:00:43.309Z"}
{"level":"info","message":"connected to mongodb","service":"post-service","timestamp":"2025-12-19T14:00:43.327Z"}
{"level":"info","message":"redis is ready","service":"post-service","timestamp":"2025-12-19T14:00:43.331Z"}
{"level":"info","message":"recieved POST request to /api/post/create","service":"post-service","timestamp":"2025-12-19T14:00:46.298Z"}
{"0":"\"","1":"m","10":" ","11":"i","12":"s","13":" ","14":"n","15":"o","16":"t","17":" ","18":"a","19":"l","2":"e","20":"l","21":"o","22":"w","23":"e","24":"d","3":"d","4":"i","5":"a","6":"I","7":"d","8":"s","9":"\"","level":"warn","message":"validation error while create a post","service":"post-service","timestamp":"2025-12-19T14:00:46.304Z"}
{"level":"info","message":"redis connection is established","service":"post-service","timestamp":"2025-12-19T14:01:25.482Z"}
{"level":"info","message":"connected to mongodb","service":"post-service","timestamp":"2025-12-19T14:01:25.506Z"}
{"level":"info","message":"redis is ready","service":"post-service","timestamp":"2025-12-19T14:01:25.511Z"}
{"level":"info","message":"redis connection is established","service":"post-service","timestamp":"2025-12-19T14:01:31.111Z"}
{"level":"info","message":"connected to mongodb","service":"post-service","timestamp":"2025-12-19T14:01:31.128Z"}
{"level":"info","message":"redis is ready","service":"post-service","timestamp":"2025-12-19T14:01:31.131Z"}
{"level":"info","message":"recieved POST request to /api/post/create","service":"post-service","timestamp":"2025-12-19T14:01:36.885Z"}
{"level":"info","message":"post created successfully","service":"post-service","timestamp":"2025-12-19T14:01:36.902Z"}
{"level":"info","message":"redis connection is established","service":"post-service","timestamp":"2025-12-19T14:33:59.446Z"}
{"level":"info","message":"connected to mongodb","service":"post-service","timestamp":"2025-12-19T14:33:59.461Z"}
{"level":"info","message":"redis is ready","service":"post-service","timestamp":"2025-12-19T14:33:59.465Z"}
{"level":"info","message":"recieved GET request to /api/post/getAll","service":"post-service","timestamp":"2025-12-19T14:34:55.586Z"}
{"level":"info","message":"redis connection is established","service":"post-service","timestamp":"2025-12-19T14:35:24.492Z"}
{"level":"info","message":"connected to mongodb","service":"post-service","timestamp":"2025-12-19T14:35:24.508Z"}
{"level":"info","message":"redis is ready","service":"post-service","timestamp":"2025-12-19T14:35:24.512Z"}
{"level":"info","message":"recieved GET request to /api/post/getAll","service":"post-service","timestamp":"2025-12-19T14:35:52.995Z"}
{"level":"info","message":"redis connection is established","service":"post-service","timestamp":"2025-12-19T14:36:15.015Z"}
{"level":"info","message":"redis is ready","service":"post-service","timestamp":"2025-12-19T14:36:15.028Z"}
{"level":"info","message":"connected to mongodb","service":"post-service","timestamp":"2025-12-19T14:36:15.031Z"}
{"level":"info","message":"redis connection is established","service":"post-service","timestamp":"2025-12-19T14:37:10.165Z"}
{"level":"info","message":"connected to mongodb","service":"post-service","timestamp":"2025-12-19T14:37:10.180Z"}
{"level":"info","message":"redis is ready","service":"post-service","timestamp":"2025-12-19T14:37:10.183Z"}
{"level":"info","message":"recieved GET request to /api/post/getAll","service":"post-service","timestamp":"2025-12-19T14:37:17.397Z"}
{"level":"info","message":"redis connection is established","service":"post-service","timestamp":"2025-12-19T14:38:29.653Z"}
{"level":"info","message":"connected to mongodb","service":"post-service","timestamp":"2025-12-19T14:38:29.668Z"}
{"level":"info","message":"redis is ready","service":"post-service","timestamp":"2025-12-19T14:38:29.670Z"}
{"level":"info","message":"redis connection is established","service":"post-service","timestamp":"2025-12-19T14:38:34.342Z"}
{"level":"info","message":"connected to mongodb","service":"post-service","timestamp":"2025-12-19T14:38:34.357Z"}
{"level":"info","message":"redis is ready","service":"post-service","timestamp":"2025-12-19T14:38:34.360Z"}
{"level":"info","message":"redis connection is established","service":"post-service","timestamp":"2025-12-19T14:38:42.626Z"}
{"level":"info","message":"connected to mongodb","service":"post-service","timestamp":"2025-12-19T14:38:42.641Z"}
{"level":"info","message":"redis is ready","service":"post-service","timestamp":"2025-12-19T14:38:42.643Z"}
{"level":"info","message":"recieved GET request to /api/post/getAllPosts","service":"post-service","timestamp":"2025-12-19T14:39:00.524Z"}
{"level":"info","message":"redis connection is established","service":"post-service","timestamp":"2025-12-19T14:39:56.928Z"}
{"level":"info","message":"connected to mongodb","service":"post-service","timestamp":"2025-12-19T14:39:56.943Z"}
{"level":"info","message":"redis is ready","service":"post-service","timestamp":"2025-12-19T14:39:56.946Z"}
{"level":"info","message":"redis connection is established","service":"post-service","timestamp":"2025-12-19T14:40:03.965Z"}
{"level":"info","message":"connected to mongodb","service":"post-service","timestamp":"2025-12-19T14:40:03.985Z"}
{"level":"info","message":"redis is ready","service":"post-service","timestamp":"2025-12-19T14:40:03.989Z"}
{"level":"info","message":"redis connection is established","service":"post-service","timestamp":"2025-12-19T14:40:34.124Z"}
{"level":"info","message":"connected to mongodb","service":"post-service","timestamp":"2025-12-19T14:40:34.138Z"}
{"level":"info","message":"redis is ready","service":"post-service","timestamp":"2025-12-19T14:40:34.141Z"}
{"level":"info","message":"recieved GET request to /api/post/all-posts","service":"post-service","timestamp":"2025-12-19T14:40:43.502Z"}
{"level":"info","message":"success caching the get all posts","service":"post-service","timestamp":"2025-12-19T14:40:43.522Z"}
{"level":"info","message":"recieved GET request to /api/post/all-posts","service":"post-service","timestamp":"2025-12-19T14:40:47.079Z"}
{"level":"info","message":"hit the caching middleware","service":"post-service","timestamp":"2025-12-19T14:40:47.081Z"}
{"level":"info","message":"recieved GET request to /api/post/all-posts","service":"post-service","timestamp":"2025-12-19T14:40:49.010Z"}
{"level":"info","message":"hit the caching middleware","service":"post-service","timestamp":"2025-12-19T14:40:49.011Z"}
{"level":"info","message":"recieved GET request to /api/post/all-posts","service":"post-service","timestamp":"2025-12-19T14:40:49.989Z"}
{"level":"info","message":"hit the caching middleware","service":"post-service","timestamp":"2025-12-19T14:40:49.989Z"}
{"level":"info","message":"redis connection is established","service":"post-service","timestamp":"2025-12-19T14:41:30.624Z"}
{"level":"info","message":"connected to mongodb","service":"post-service","timestamp":"2025-12-19T14:41:30.642Z"}
{"level":"info","message":"redis is ready","service":"post-service","timestamp":"2025-12-19T14:41:30.646Z"}
{"level":"info","message":"recieved GET request to /api/post/all-posts","service":"post-service","timestamp":"2025-12-19T14:41:35.160Z"}
{"level":"info","message":"hit the caching middleware","service":"post-service","timestamp":"2025-12-19T14:41:35.162Z"}
{"level":"info","message":"recieved GET request to /api/post/all-posts","service":"post-service","timestamp":"2025-12-19T14:41:36.269Z"}
{"level":"info","message":"hit the caching middleware","service":"post-service","timestamp":"2025-12-19T14:41:36.270Z"}
{"level":"info","message":"recieved GET request to /api/post/all-posts","service":"post-service","timestamp":"2025-12-19T14:41:38.475Z"}
{"level":"info","message":"hit the caching middleware","service":"post-service","timestamp":"2025-12-19T14:41:38.476Z"}
{"level":"info","message":"recieved GET request to /api/post/all-posts","service":"post-service","timestamp":"2025-12-19T14:41:39.761Z"}
{"level":"info","message":"hit the caching middleware","service":"post-service","timestamp":"2025-12-19T14:41:39.762Z"}
{"level":"info","message":"recieved GET request to /api/post/all-posts","service":"post-service","timestamp":"2025-12-19T14:41:40.946Z"}
{"level":"info","message":"hit the caching middleware","service":"post-service","timestamp":"2025-12-19T14:41:40.946Z"}
{"level":"info","message":"recieved GET request to /api/post/all-posts","service":"post-service","timestamp":"2025-12-19T14:41:42.050Z"}
{"level":"info","message":"hit the caching middleware","service":"post-service","timestamp":"2025-12-19T14:41:42.051Z"}
{"level":"info","message":"recieved GET request to /api/post/all-posts","service":"post-service","timestamp":"2025-12-19T14:41:43.018Z"}
{"level":"info","message":"hit the caching middleware","service":"post-service","timestamp":"2025-12-19T14:41:43.019Z"}
{"level":"info","message":"recieved GET request to /api/post/all-posts","service":"post-service","timestamp":"2025-12-19T14:41:43.944Z"}
{"level":"info","message":"hit the caching middleware","service":"post-service","timestamp":"2025-12-19T14:41:43.944Z"}
{"level":"info","message":"recieved GET request to /api/post/all-posts","service":"post-service","timestamp":"2025-12-19T14:41:45.037Z"}
{"level":"info","message":"hit the caching middleware","service":"post-service","timestamp":"2025-12-19T14:41:45.037Z"}
{"level":"info","message":"recieved GET request to /api/post/all-posts","service":"post-service","timestamp":"2025-12-19T14:41:45.938Z"}
{"level":"info","message":"hit the caching middleware","service":"post-service","timestamp":"2025-12-19T14:41:45.939Z"}
{"level":"info","message":"recieved GET request to /api/post/all-posts","service":"post-service","timestamp":"2025-12-19T14:41:46.744Z"}
{"level":"info","message":"hit the caching middleware","service":"post-service","timestamp":"2025-12-19T14:41:46.745Z"}
{"level":"info","message":"redis connection is established","service":"post-service","timestamp":"2025-12-19T14:41:56.806Z"}
{"level":"info","message":"connected to mongodb","service":"post-service","timestamp":"2025-12-19T14:41:56.821Z"}
{"level":"info","message":"redis is ready","service":"post-service","timestamp":"2025-12-19T14:41:56.823Z"}
{"level":"info","message":"recieved GET request to /api/post/all-posts","service":"post-service","timestamp":"2025-12-19T14:42:13.989Z"}
{"level":"info","message":"success caching the get all posts","service":"post-service","timestamp":"2025-12-19T14:42:14.020Z"}
{"level":"info","message":"recieved GET request to /api/post/all-posts","service":"post-service","timestamp":"2025-12-19T14:42:28.081Z"}
{"level":"info","message":"hit the caching middleware","service":"post-service","timestamp":"2025-12-19T14:42:28.083Z"}
{"level":"info","message":"recieved GET request to /api/post/all-posts","service":"post-service","timestamp":"2025-12-19T14:42:36.460Z"}
{"level":"info","message":"hit the caching middleware","service":"post-service","timestamp":"2025-12-19T14:42:36.461Z"}
{"level":"info","message":"recieved GET request to /api/post/all-posts","service":"post-service","timestamp":"2025-12-19T14:43:57.648Z"}
{"level":"info","message":"hit the caching middleware","service":"post-service","timestamp":"2025-12-19T14:43:57.649Z"}
{"level":"info","message":"recieved GET request to /api/post/all-posts","service":"post-service","timestamp":"2025-12-19T14:43:58.733Z"}
{"level":"info","message":"hit the caching middleware","service":"post-service","timestamp":"2025-12-19T14:43:58.733Z"}
{"level":"info","message":"recieved GET request to /api/post/all-posts","service":"post-service","timestamp":"2025-12-19T14:43:59.794Z"}
{"level":"info","message":"hit the caching middleware","service":"post-service","timestamp":"2025-12-19T14:43:59.795Z"}
{"level":"info","message":"recieved GET request to /api/post/all-posts","service":"post-service","timestamp":"2025-12-19T14:44:00.813Z"}
{"level":"info","message":"hit the caching middleware","service":"post-service","timestamp":"2025-12-19T14:44:00.813Z"}
{"level":"info","message":"recieved GET request to /api/post/all-posts","service":"post-service","timestamp":"2025-12-19T14:44:01.744Z"}
{"level":"info","message":"hit the caching middleware","service":"post-service","timestamp":"2025-12-19T14:44:01.745Z"}
{"level":"info","message":"recieved GET request to /api/post/all-posts","service":"post-service","timestamp":"2025-12-19T14:44:02.600Z"}
{"level":"info","message":"hit the caching middleware","service":"post-service","timestamp":"2025-12-19T14:44:02.600Z"}
{"level":"info","message":"recieved GET request to /api/post/all-posts","service":"post-service","timestamp":"2025-12-19T14:44:03.479Z"}
{"level":"info","message":"hit the caching middleware","service":"post-service","timestamp":"2025-12-19T14:44:03.480Z"}
{"level":"info","message":"recieved GET request to /api/post/all-posts","service":"post-service","timestamp":"2025-12-19T14:44:04.297Z"}
{"level":"info","message":"hit the caching middleware","service":"post-service","timestamp":"2025-12-19T14:44:04.298Z"}
{"level":"info","message":"recieved GET request to /api/post/all-posts","service":"post-service","timestamp":"2025-12-19T14:44:05.210Z"}
{"level":"info","message":"hit the caching middleware","service":"post-service","timestamp":"2025-12-19T14:44:05.211Z"}
{"level":"info","message":"recieved GET request to /api/post/all-posts","service":"post-service","timestamp":"2025-12-19T14:44:05.903Z"}
{"level":"info","message":"hit the caching middleware","service":"post-service","timestamp":"2025-12-19T14:44:05.904Z"}
{"level":"info","message":"recieved GET request to /api/post/all-posts","service":"post-service","timestamp":"2025-12-19T14:44:06.537Z"}
{"level":"info","message":"hit the caching middleware","service":"post-service","timestamp":"2025-12-19T14:44:06.537Z"}
{"level":"info","message":"recieved GET request to /api/post/all-posts","service":"post-service","timestamp":"2025-12-19T14:44:07.178Z"}
{"level":"info","message":"hit the caching middleware","service":"post-service","timestamp":"2025-12-19T14:44:07.179Z"}
{"level":"info","message":"recieved GET request to /api/post/all-posts","service":"post-service","timestamp":"2025-12-19T14:44:07.872Z"}
{"level":"info","message":"hit the caching middleware","service":"post-service","timestamp":"2025-12-19T14:44:07.872Z"}
{"level":"info","message":"recieved GET request to /api/post/all-posts","service":"post-service","timestamp":"2025-12-19T14:44:09.589Z"}
{"level":"info","message":"hit the caching middleware","service":"post-service","timestamp":"2025-12-19T14:44:09.590Z"}
{"level":"info","message":"recieved GET request to /api/post/all-posts","service":"post-service","timestamp":"2025-12-19T14:44:11.598Z"}
{"level":"info","message":"hit the caching middleware","service":"post-service","timestamp":"2025-12-19T14:44:11.599Z"}
{"level":"info","message":"recieved GET request to /api/post/all-posts","service":"post-service","timestamp":"2025-12-19T14:44:13.602Z"}
{"level":"info","message":"hit the caching middleware","service":"post-service","timestamp":"2025-12-19T14:44:13.602Z"}
{"level":"info","message":"recieved GET request to /api/post/all-posts","service":"post-service","timestamp":"2025-12-19T14:44:14.542Z"}
{"level":"info","message":"hit the caching middleware","service":"post-service","timestamp":"2025-12-19T14:44:14.543Z"}
{"level":"info","message":"recieved GET request to /api/post/all-posts","service":"post-service","timestamp":"2025-12-19T14:44:15.903Z"}
{"level":"info","message":"hit the caching middleware","service":"post-service","timestamp":"2025-12-19T14:44:15.903Z"}
{"level":"info","message":"recieved GET request to /api/post/all-posts","service":"post-service","timestamp":"2025-12-19T14:44:16.967Z"}
{"level":"info","message":"hit the caching middleware","service":"post-service","timestamp":"2025-12-19T14:44:16.968Z"}
{"level":"info","message":"recieved GET request to /api/post/all-posts","service":"post-service","timestamp":"2025-12-19T14:44:17.860Z"}
{"level":"info","message":"hit the caching middleware","service":"post-service","timestamp":"2025-12-19T14:44:17.861Z"}
{"level":"info","message":"recieved GET request to /api/post/all-posts","service":"post-service","timestamp":"2025-12-19T14:44:18.738Z"}
{"level":"info","message":"hit the caching middleware","service":"post-service","timestamp":"2025-12-19T14:44:18.739Z"}
{"level":"info","message":"recieved GET request to /api/post/all-posts","service":"post-service","timestamp":"2025-12-19T14:44:19.589Z"}
{"level":"info","message":"hit the caching middleware","service":"post-service","timestamp":"2025-12-19T14:44:19.590Z"}
{"level":"info","message":"recieved GET request to /api/post/all-posts","service":"post-service","timestamp":"2025-12-19T14:44:20.309Z"}
{"level":"info","message":"hit the caching middleware","service":"post-service","timestamp":"2025-12-19T14:44:20.310Z"}
{"level":"info","message":"recieved GET request to /api/post/all-posts","service":"post-service","timestamp":"2025-12-19T14:44:22.293Z"}
{"level":"info","message":"hit the caching middleware","service":"post-service","timestamp":"2025-12-19T14:44:22.294Z"}
{"level":"info","message":"recieved GET request to /api/post/all-posts","service":"post-service","timestamp":"2025-12-19T14:44:23.497Z"}
{"level":"info","message":"hit the caching middleware","service":"post-service","timestamp":"2025-12-19T14:44:23.498Z"}
{"level":"info","message":"redis connection is established","service":"post-service","timestamp":"2025-12-19T15:57:25.894Z"}
{"level":"info","message":"connected to mongodb","service":"post-service","timestamp":"2025-12-19T15:57:25.910Z"}
{"level":"info","message":"redis is ready","service":"post-service","timestamp":"2025-12-19T15:57:25.913Z"}
{"level":"info","message":"redis connection is established","service":"post-service","timestamp":"2025-12-19T15:58:59.555Z"}
{"level":"info","message":"connected to mongodb","service":"post-service","timestamp":"2025-12-19T15:58:59.570Z"}
{"level":"info","message":"redis is ready","service":"post-service","timestamp":"2025-12-19T15:58:59.573Z"}
{"level":"info","message":"redis connection is established","service":"post-service","timestamp":"2025-12-19T15:59:13.481Z"}
{"level":"info","message":"connected to mongodb","service":"post-service","timestamp":"2025-12-19T15:59:13.496Z"}
{"level":"info","message":"redis is ready","service":"post-service","timestamp":"2025-12-19T15:59:13.498Z"}
{"level":"info","message":"redis connection is established","service":"post-service","timestamp":"2025-12-19T16:55:09.811Z"}
{"level":"info","message":"connected to mongodb","service":"post-service","timestamp":"2025-12-19T16:55:09.823Z"}
{"level":"info","message":"redis is ready","service":"post-service","timestamp":"2025-12-19T16:55:09.825Z"}
{"level":"info","message":"recieved GET request to /api/post/all-posts","service":"post-service","timestamp":"2025-12-19T16:56:03.853Z"}
{"level":"info","message":"success caching the get all posts","service":"post-service","timestamp":"2025-12-19T16:56:03.866Z"}
{"level":"info","message":"recieved GET request to /api/post/all-posts","service":"post-service","timestamp":"2025-12-19T16:56:31.627Z"}
{"level":"info","message":"hit the caching middleware","service":"post-service","timestamp":"2025-12-19T16:56:31.628Z"}
{"level":"info","message":"recieved GET request to /api/post/all-posts","service":"post-service","timestamp":"2025-12-19T16:56:33.523Z"}
{"level":"info","message":"hit the caching middleware","service":"post-service","timestamp":"2025-12-19T16:56:33.524Z"}
{"level":"info","message":"recieved POST request to /api/post/create","service":"post-service","timestamp":"2025-12-19T16:56:42.351Z"}
{"level":"info","message":"caching invalidated successfully","service":"post-service","timestamp":"2025-12-19T16:56:42.362Z"}
{"level":"info","message":"post created successfully","service":"post-service","timestamp":"2025-12-19T16:56:42.363Z"}
{"level":"info","message":"recieved GET request to /api/post/all-posts","service":"post-service","timestamp":"2025-12-19T16:56:48.280Z"}
{"level":"info","message":"success caching the get all posts","service":"post-service","timestamp":"2025-12-19T16:56:48.285Z"}
{"level":"info","message":"recieved GET request to /api/post/all-posts","service":"post-service","timestamp":"2025-12-19T16:56:53.623Z"}
{"level":"info","message":"hit the caching middleware","service":"post-service","timestamp":"2025-12-19T16:56:53.624Z"}
{"level":"info","message":"redis connection is established","service":"post-service","timestamp":"2025-12-19T16:58:37.683Z"}
{"level":"info","message":"connected to mongodb","service":"post-service","timestamp":"2025-12-19T16:58:37.701Z"}
{"level":"info","message":"redis is ready","service":"post-service","timestamp":"2025-12-19T16:58:37.705Z"}
{"level":"info","message":"redis connection is established","service":"post-service","timestamp":"2025-12-19T16:58:48.606Z"}
{"level":"info","message":"connected to mongodb","service":"post-service","timestamp":"2025-12-19T16:58:48.622Z"}
{"level":"info","message":"redis is ready","service":"post-service","timestamp":"2025-12-19T16:58:48.625Z"}
{"level":"info","message":"redis connection is established","service":"post-service","timestamp":"2025-12-19T16:59:01.211Z"}
{"level":"info","message":"connected to mongodb","service":"post-service","timestamp":"2025-12-19T16:59:01.226Z"}
{"level":"info","message":"redis is ready","service":"post-service","timestamp":"2025-12-19T16:59:01.229Z"}
{"level":"info","message":"redis connection is established","service":"post-service","timestamp":"2025-12-19T17:00:43.779Z"}
{"level":"info","message":"connected to mongodb","service":"post-service","timestamp":"2025-12-19T17:00:43.799Z"}
{"level":"info","message":"redis is ready","service":"post-service","timestamp":"2025-12-19T17:00:43.804Z"}
{"level":"info","message":"redis connection is established","service":"post-service","timestamp":"2025-12-19T17:01:37.061Z"}
{"level":"info","message":"connected to mongodb","service":"post-service","timestamp":"2025-12-19T17:01:37.083Z"}
{"level":"info","message":"redis is ready","service":"post-service","timestamp":"2025-12-19T17:01:37.086Z"}
{"level":"info","message":"recieved GET request to /api/post/69455ac047d691d6bad16d3f","service":"post-service","timestamp":"2025-12-19T17:01:46.320Z"}
{"level":"info","message":"success caching the get post by id","service":"post-service","timestamp":"2025-12-19T17:01:46.335Z"}
{"level":"info","message":"recieved GET request to /api/post/69455ac047d691d6bad16d3f","service":"post-service","timestamp":"2025-12-19T17:01:51.682Z"}
{"level":"info","message":"hit the caching middleware","service":"post-service","timestamp":"2025-12-19T17:01:51.682Z"}
{"level":"info","message":"recieved GET request to /api/post/69455ac047d691d6bad16d3f","service":"post-service","timestamp":"2025-12-19T17:01:53.729Z"}
{"level":"info","message":"hit the caching middleware","service":"post-service","timestamp":"2025-12-19T17:01:53.729Z"}
{"level":"info","message":"recieved GET request to /api/post/69455ac047d691d6bad16d3","service":"post-service","timestamp":"2025-12-19T17:01:57.566Z"}
{"kind":"ObjectId","level":"error","message":"get post by id error occured Cast to ObjectId failed for value \"69455ac047d691d6bad16d3\" (type string) at path \"_id\" for model \"Post\"","path":"_id","reason":{},"service":"post-service","stack":"CastError: Cast to ObjectId failed for value \"69455ac047d691d6bad16d3\" (type string) at path \"_id\" for model \"Post\"\n    at SchemaObjectId.cast (/home/dimasmukhtar/Documents/learning/microservice/social-media-backend/post-service/node_modules/.pnpm/mongoose@9.0.2/node_modules/mongoose/lib/schema/objectId.js:253:11)\n    at SchemaObjectId.SchemaType.applySetters (/home/dimasmukhtar/Documents/learning/microservice/social-media-backend/post-service/node_modules/.pnpm/mongoose@9.0.2/node_modules/mongoose/lib/schemaType.js:1280:12)\n    at SchemaObjectId.SchemaType.castForQuery (/home/dimasmukhtar/Documents/learning/microservice/social-media-backend/post-service/node_modules/.pnpm/mongoose@9.0.2/node_modules/mongoose/lib/schemaType.js:1706:17)\n    at cast (/home/dimasmukhtar/Documents/learning/microservice/social-media-backend/post-service/node_modules/.pnpm/mongoose@9.0.2/node_modules/mongoose/lib/cast.js:390:32)\n    at model.Query.Query.cast (/home/dimasmukhtar/Documents/learning/microservice/social-media-backend/post-service/node_modules/.pnpm/mongoose@9.0.2/node_modules/mongoose/lib/query.js:5016:12)\n    at model.Query.Query._castConditions (/home/dimasmukhtar/Documents/learning/microservice/social-media-backend/post-service/node_modules/.pnpm/mongoose@9.0.2/node_modules/mongoose/lib/query.js:2380:10)\n    at model.Query._findOne (/home/dimasmukhtar/Documents/learning/microservice/social-media-backend/post-service/node_modules/.pnpm/mongoose@9.0.2/node_modules/mongoose/lib/query.js:2708:8)\n    at model.Query.exec (/home/dimasmukhtar/Documents/learning/microservice/social-media-backend/post-service/node_modules/.pnpm/mongoose@9.0.2/node_modules/mongoose/lib/query.js:4627:80)\n    at processTicksAndRejections (node:internal/process/task_queues:103:5)\n    at getPost (/home/dimasmukhtar/Documents/learning/microservice/social-media-backend/post-service/src/controllers/post.controller.ts:89:18)","stringValue":"\"69455ac047d691d6bad16d3\"","timestamp":"2025-12-19T17:01:57.576Z","value":"69455ac047d691d6bad16d3","valueType":"string"}
{"level":"info","message":"redis connection is established","service":"post-service","timestamp":"2025-12-19T17:02:43.607Z"}
{"level":"info","message":"connected to mongodb","service":"post-service","timestamp":"2025-12-19T17:02:43.626Z"}
{"level":"info","message":"redis is ready","service":"post-service","timestamp":"2025-12-19T17:02:43.630Z"}
{"level":"info","message":"recieved GET request to /api/post/69455ac047d691d6bad16d3","service":"post-service","timestamp":"2025-12-19T17:02:47.558Z"}
{"kind":"ObjectId","level":"error","message":"get post by id error occured Cast to ObjectId failed for value \"69455ac047d691d6bad16d3\" (type string) at path \"_id\" for model \"Post\"","path":"_id","reason":{},"service":"post-service","stack":"CastError: Cast to ObjectId failed for value \"69455ac047d691d6bad16d3\" (type string) at path \"_id\" for model \"Post\"\n    at SchemaObjectId.cast (/home/dimasmukhtar/Documents/learning/microservice/social-media-backend/post-service/node_modules/.pnpm/mongoose@9.0.2/node_modules/mongoose/lib/schema/objectId.js:253:11)\n    at SchemaObjectId.SchemaType.applySetters (/home/dimasmukhtar/Documents/learning/microservice/social-media-backend/post-service/node_modules/.pnpm/mongoose@9.0.2/node_modules/mongoose/lib/schemaType.js:1280:12)\n    at SchemaObjectId.SchemaType.castForQuery (/home/dimasmukhtar/Documents/learning/microservice/social-media-backend/post-service/node_modules/.pnpm/mongoose@9.0.2/node_modules/mongoose/lib/schemaType.js:1706:17)\n    at cast (/home/dimasmukhtar/Documents/learning/microservice/social-media-backend/post-service/node_modules/.pnpm/mongoose@9.0.2/node_modules/mongoose/lib/cast.js:390:32)\n    at model.Query.Query.cast (/home/dimasmukhtar/Documents/learning/microservice/social-media-backend/post-service/node_modules/.pnpm/mongoose@9.0.2/node_modules/mongoose/lib/query.js:5016:12)\n    at model.Query.Query._castConditions (/home/dimasmukhtar/Documents/learning/microservice/social-media-backend/post-service/node_modules/.pnpm/mongoose@9.0.2/node_modules/mongoose/lib/query.js:2380:10)\n    at model.Query._findOne (/home/dimasmukhtar/Documents/learning/microservice/social-media-backend/post-service/node_modules/.pnpm/mongoose@9.0.2/node_modules/mongoose/lib/query.js:2708:8)\n    at model.Query.exec (/home/dimasmukhtar/Documents/learning/microservice/social-media-backend/post-service/node_modules/.pnpm/mongoose@9.0.2/node_modules/mongoose/lib/query.js:4627:80)\n    at processTicksAndRejections (node:internal/process/task_queues:103:5)\n    at getPost (/home/dimasmukhtar/Documents/learning/microservice/social-media-backend/post-service/src/controllers/post.controller.ts:89:18)","stringValue":"\"69455ac047d691d6bad16d3\"","timestamp":"2025-12-19T17:02:47.570Z","value":"69455ac047d691d6bad16d3","valueType":"string"}
{"level":"info","message":"redis connection is established","service":"post-service","timestamp":"2025-12-19T17:03:20.634Z"}
{"level":"info","message":"connected to mongodb","service":"post-service","timestamp":"2025-12-19T17:03:20.660Z"}
{"level":"info","message":"redis is ready","service":"post-service","timestamp":"2025-12-19T17:03:20.663Z"}
{"level":"info","message":"redis connection is established","service":"post-service","timestamp":"2025-12-19T17:03:22.491Z"}
{"level":"info","message":"connected to mongodb","service":"post-service","timestamp":"2025-12-19T17:03:22.505Z"}
{"level":"info","message":"redis is ready","service":"post-service","timestamp":"2025-12-19T17:03:22.508Z"}
{"level":"info","message":"recieved GET request to /api/post/69455ac047d691d6bad16d3","service":"post-service","timestamp":"2025-12-19T17:03:29.208Z"}
{"kind":"ObjectId","level":"error","message":"get post by id error occured Cast to ObjectId failed for value \"69455ac047d691d6bad16d3\" (type string) at path \"_id\" for model \"Post\"","path":"_id","reason":{},"service":"post-service","stack":"CastError: Cast to ObjectId failed for value \"69455ac047d691d6bad16d3\" (type string) at path \"_id\" for model \"Post\"\n    at SchemaObjectId.cast (/home/dimasmukhtar/Documents/learning/microservice/social-media-backend/post-service/node_modules/.pnpm/mongoose@9.0.2/node_modules/mongoose/lib/schema/objectId.js:253:11)\n    at SchemaObjectId.SchemaType.applySetters (/home/dimasmukhtar/Documents/learning/microservice/social-media-backend/post-service/node_modules/.pnpm/mongoose@9.0.2/node_modules/mongoose/lib/schemaType.js:1280:12)\n    at SchemaObjectId.SchemaType.castForQuery (/home/dimasmukhtar/Documents/learning/microservice/social-media-backend/post-service/node_modules/.pnpm/mongoose@9.0.2/node_modules/mongoose/lib/schemaType.js:1706:17)\n    at cast (/home/dimasmukhtar/Documents/learning/microservice/social-media-backend/post-service/node_modules/.pnpm/mongoose@9.0.2/node_modules/mongoose/lib/cast.js:390:32)\n    at model.Query.Query.cast (/home/dimasmukhtar/Documents/learning/microservice/social-media-backend/post-service/node_modules/.pnpm/mongoose@9.0.2/node_modules/mongoose/lib/query.js:5016:12)\n    at model.Query.Query._castConditions (/home/dimasmukhtar/Documents/learning/microservice/social-media-backend/post-service/node_modules/.pnpm/mongoose@9.0.2/node_modules/mongoose/lib/query.js:2380:10)\n    at model.Query._findOne (/home/dimasmukhtar/Documents/learning/microservice/social-media-backend/post-service/node_modules/.pnpm/mongoose@9.0.2/node_modules/mongoose/lib/query.js:2708:8)\n    at model.Query.exec (/home/dimasmukhtar/Documents/learning/microservice/social-media-backend/post-service/node_modules/.pnpm/mongoose@9.0.2/node_modules/mongoose/lib/query.js:4627:80)\n    at processTicksAndRejections (node:internal/process/task_queues:103:5)\n    at getPost (/home/dimasmukhtar/Documents/learning/microservice/social-media-backend/post-service/src/controllers/post.controller.ts:89:18)","stringValue":"\"69455ac047d691d6bad16d3\"","timestamp":"2025-12-19T17:03:29.219Z","value":"69455ac047d691d6bad16d3","valueType":"string"}
{"level":"info","message":"redis connection is established","service":"post-service","timestamp":"2025-12-19T17:03:39.600Z"}
{"level":"info","message":"connected to mongodb","service":"post-service","timestamp":"2025-12-19T17:03:39.615Z"}
{"level":"info","message":"redis is ready","service":"post-service","timestamp":"2025-12-19T17:03:39.617Z"}
{"level":"info","message":"redis connection is established","service":"post-service","timestamp":"2025-12-19T17:03:57.139Z"}
{"level":"info","message":"connected to mongodb","service":"post-service","timestamp":"2025-12-19T17:03:57.170Z"}
{"level":"info","message":"redis is ready","service":"post-service","timestamp":"2025-12-19T17:03:57.182Z"}
{"level":"info","message":"redis connection is established","service":"post-service","timestamp":"2025-12-19T17:04:02.357Z"}
{"level":"info","message":"connected to mongodb","service":"post-service","timestamp":"2025-12-19T17:04:02.378Z"}
{"level":"info","message":"redis is ready","service":"post-service","timestamp":"2025-12-19T17:04:02.381Z"}
{"level":"info","message":"recieved GET request to /api/post/69455ac047d691d6bad16d3","service":"post-service","timestamp":"2025-12-19T17:04:07.251Z"}
{"kind":"ObjectId","level":"error","message":"get post by id error occured Cast to ObjectId failed for value \"69455ac047d691d6bad16d3\" (type string) at path \"_id\" for model \"Post\"","path":"_id","reason":{},"service":"post-service","stack":"CastError: Cast to ObjectId failed for value \"69455ac047d691d6bad16d3\" (type string) at path \"_id\" for model \"Post\"\n    at SchemaObjectId.cast (/home/dimasmukhtar/Documents/learning/microservice/social-media-backend/post-service/node_modules/.pnpm/mongoose@9.0.2/node_modules/mongoose/lib/schema/objectId.js:253:11)\n    at SchemaObjectId.SchemaType.applySetters (/home/dimasmukhtar/Documents/learning/microservice/social-media-backend/post-service/node_modules/.pnpm/mongoose@9.0.2/node_modules/mongoose/lib/schemaType.js:1280:12)\n    at SchemaObjectId.SchemaType.castForQuery (/home/dimasmukhtar/Documents/learning/microservice/social-media-backend/post-service/node_modules/.pnpm/mongoose@9.0.2/node_modules/mongoose/lib/schemaType.js:1706:17)\n    at cast (/home/dimasmukhtar/Documents/learning/microservice/social-media-backend/post-service/node_modules/.pnpm/mongoose@9.0.2/node_modules/mongoose/lib/cast.js:390:32)\n    at model.Query.Query.cast (/home/dimasmukhtar/Documents/learning/microservice/social-media-backend/post-service/node_modules/.pnpm/mongoose@9.0.2/node_modules/mongoose/lib/query.js:5016:12)\n    at model.Query.Query._castConditions (/home/dimasmukhtar/Documents/learning/microservice/social-media-backend/post-service/node_modules/.pnpm/mongoose@9.0.2/node_modules/mongoose/lib/query.js:2380:10)\n    at model.Query._findOne (/home/dimasmukhtar/Documents/learning/microservice/social-media-backend/post-service/node_modules/.pnpm/mongoose@9.0.2/node_modules/mongoose/lib/query.js:2708:8)\n    at model.Query.exec (/home/dimasmukhtar/Documents/learning/microservice/social-media-backend/post-service/node_modules/.pnpm/mongoose@9.0.2/node_modules/mongoose/lib/query.js:4627:80)\n    at processTicksAndRejections (node:internal/process/task_queues:103:5)\n    at getPost (/home/dimasmukhtar/Documents/learning/microservice/social-media-backend/post-service/src/controllers/post.controller.ts:89:18)","stringValue":"\"69455ac047d691d6bad16d3\"","timestamp":"2025-12-19T17:04:07.263Z","value":"69455ac047d691d6bad16d3","valueType":"string"}
{"level":"info","message":"redis connection is established","service":"post-service","timestamp":"2025-12-19T17:04:38.456Z"}
{"level":"info","message":"connected to mongodb","service":"post-service","timestamp":"2025-12-19T17:04:38.476Z"}
{"level":"info","message":"redis is ready","service":"post-service","timestamp":"2025-12-19T17:04:38.479Z"}
{"level":"info","message":"recieved GET request to /api/post/69455ac047d691d6bad16d3","service":"post-service","timestamp":"2025-12-19T17:04:40.451Z"}
{"kind":"ObjectId","level":"error","message":"get post by id error occured Cast to ObjectId failed for value \"69455ac047d691d6bad16d3\" (type string) at path \"_id\" for model \"Post\"","path":"_id","reason":{},"service":"post-service","stack":"CastError: Cast to ObjectId failed for value \"69455ac047d691d6bad16d3\" (type string) at path \"_id\" for model \"Post\"\n    at SchemaObjectId.cast (/home/dimasmukhtar/Documents/learning/microservice/social-media-backend/post-service/node_modules/.pnpm/mongoose@9.0.2/node_modules/mongoose/lib/schema/objectId.js:253:11)\n    at SchemaObjectId.SchemaType.applySetters (/home/dimasmukhtar/Documents/learning/microservice/social-media-backend/post-service/node_modules/.pnpm/mongoose@9.0.2/node_modules/mongoose/lib/schemaType.js:1280:12)\n    at SchemaObjectId.SchemaType.castForQuery (/home/dimasmukhtar/Documents/learning/microservice/social-media-backend/post-service/node_modules/.pnpm/mongoose@9.0.2/node_modules/mongoose/lib/schemaType.js:1706:17)\n    at cast (/home/dimasmukhtar/Documents/learning/microservice/social-media-backend/post-service/node_modules/.pnpm/mongoose@9.0.2/node_modules/mongoose/lib/cast.js:390:32)\n    at model.Query.Query.cast (/home/dimasmukhtar/Documents/learning/microservice/social-media-backend/post-service/node_modules/.pnpm/mongoose@9.0.2/node_modules/mongoose/lib/query.js:5016:12)\n    at model.Query.Query._castConditions (/home/dimasmukhtar/Documents/learning/microservice/social-media-backend/post-service/node_modules/.pnpm/mongoose@9.0.2/node_modules/mongoose/lib/query.js:2380:10)\n    at model.Query._findOne (/home/dimasmukhtar/Documents/learning/microservice/social-media-backend/post-service/node_modules/.pnpm/mongoose@9.0.2/node_modules/mongoose/lib/query.js:2708:8)\n    at model.Query.exec (/home/dimasmukhtar/Documents/learning/microservice/social-media-backend/post-service/node_modules/.pnpm/mongoose@9.0.2/node_modules/mongoose/lib/query.js:4627:80)\n    at processTicksAndRejections (node:internal/process/task_queues:103:5)\n    at getPost (/home/dimasmukhtar/Documents/learning/microservice/social-media-backend/post-service/src/controllers/post.controller.ts:89:18)","stringValue":"\"69455ac047d691d6bad16d3\"","timestamp":"2025-12-19T17:04:40.467Z","value":"69455ac047d691d6bad16d3","valueType":"string"}
{"level":"info","message":"redis connection is established","service":"post-service","timestamp":"2025-12-19T17:07:32.950Z"}
{"level":"info","message":"redis is ready","service":"post-service","timestamp":"2025-12-19T17:07:32.972Z"}
{"level":"info","message":"connected to mongodb","service":"post-service","timestamp":"2025-12-19T17:07:32.976Z"}
{"level":"info","message":"redis connection is established","service":"post-service","timestamp":"2025-12-19T17:07:50.523Z"}
{"level":"info","message":"connected to mongodb","service":"post-service","timestamp":"2025-12-19T17:07:50.539Z"}
{"level":"info","message":"redis is ready","service":"post-service","timestamp":"2025-12-19T17:07:50.543Z"}
{"level":"info","message":"redis connection is established","service":"post-service","timestamp":"2025-12-19T17:07:54.740Z"}
{"level":"info","message":"connected to mongodb","service":"post-service","timestamp":"2025-12-19T17:07:54.758Z"}
{"level":"info","message":"redis is ready","service":"post-service","timestamp":"2025-12-19T17:07:54.762Z"}
{"level":"info","message":"recieved GET request to /api/post/69455ac047d691d6bad16d3","service":"post-service","timestamp":"2025-12-19T17:07:57.853Z"}
{"level":"info","message":"recieved GET request to /api/post/asd","service":"post-service","timestamp":"2025-12-19T17:08:04.856Z"}
{"level":"info","message":"recieved GET request to /api/post/asd","service":"post-service","timestamp":"2025-12-19T17:08:05.997Z"}
{"level":"info","message":"redis connection is established","service":"post-service","timestamp":"2025-12-19T17:10:30.992Z"}
{"level":"info","message":"connected to mongodb","service":"post-service","timestamp":"2025-12-19T17:10:31.011Z"}
{"level":"info","message":"redis is ready","service":"post-service","timestamp":"2025-12-19T17:10:31.014Z"}
{"level":"info","message":"redis connection is established","service":"post-service","timestamp":"2025-12-19T17:10:51.696Z"}
{"level":"info","message":"connected to mongodb","service":"post-service","timestamp":"2025-12-19T17:10:51.721Z"}
{"level":"info","message":"redis is ready","service":"post-service","timestamp":"2025-12-19T17:10:51.725Z"}
{"level":"info","message":"redis connection is established","service":"post-service","timestamp":"2025-12-19T17:11:16.155Z"}
{"level":"info","message":"connected to mongodb","service":"post-service","timestamp":"2025-12-19T17:11:16.175Z"}
{"level":"info","message":"redis is ready","service":"post-service","timestamp":"2025-12-19T17:11:16.179Z"}
{"level":"info","message":"redis connection is established","service":"post-service","timestamp":"2025-12-19T17:11:27.147Z"}
{"level":"info","message":"connected to mongodb","service":"post-service","timestamp":"2025-12-19T17:11:27.175Z"}
{"level":"info","message":"redis is ready","service":"post-service","timestamp":"2025-12-19T17:11:27.179Z"}
{"level":"info","message":"recieved GET request to /api/post/all-posts","service":"post-service","timestamp":"2025-12-19T17:19:32.235Z"}
{"level":"info","message":"success caching the get all posts","service":"post-service","timestamp":"2025-12-19T17:19:32.252Z"}
{"level":"info","message":"redis connection is established","service":"post-service","timestamp":"2025-12-19T17:20:30.894Z"}
{"level":"info","message":"connected to mongodb","service":"post-service","timestamp":"2025-12-19T17:20:30.911Z"}
{"level":"info","message":"redis is ready","service":"post-service","timestamp":"2025-12-19T17:20:30.916Z"}
{"level":"info","message":"redis connection is established","service":"post-service","timestamp":"2025-12-19T17:21:18.271Z"}
{"level":"info","message":"connected to mongodb","service":"post-service","timestamp":"2025-12-19T17:21:18.287Z"}
{"level":"info","message":"redis is ready","service":"post-service","timestamp":"2025-12-19T17:21:18.291Z"}
{"level":"info","message":"redis connection is established","service":"post-service","timestamp":"2025-12-19T17:22:53.770Z"}
{"level":"info","message":"connected to mongodb","service":"post-service","timestamp":"2025-12-19T17:22:53.787Z"}
{"level":"info","message":"redis is ready","service":"post-service","timestamp":"2025-12-19T17:22:53.790Z"}
{"level":"info","message":"recieved DELETE request to /api/post/all-posts/6945597424f589bc10b38e26ds","service":"post-service","timestamp":"2025-12-19T17:22:57.168Z"}
{"level":"info","message":"recieved DELETE request to /api/post/delete/6945597424f589bc10b38e26dss","service":"post-service","timestamp":"2025-12-19T17:23:27.801Z"}
{"level":"info","message":"recieved DELETE request to /api/post/delete/6945597424f589bc10b38e26","service":"post-service","timestamp":"2025-12-19T17:23:36.348Z"}
{"level":"info","message":"caching invalidated successfully","service":"post-service","timestamp":"2025-12-19T17:23:36.362Z"}
{"level":"info","message":"recieved DELETE request to /api/post/delete/6945597424f589bc10b38e26","service":"post-service","timestamp":"2025-12-19T17:23:38.662Z"}
{"level":"info","message":"recieved GET request to /api/post/all-posts","service":"post-service","timestamp":"2025-12-19T17:23:53.197Z"}
{"level":"info","message":"success caching the get all posts","service":"post-service","timestamp":"2025-12-19T17:23:53.206Z"}
{"level":"info","message":"recieved GET request to /api/post/all-posts","service":"post-service","timestamp":"2025-12-19T17:23:55.715Z"}
{"level":"info","message":"hit the caching middleware","service":"post-service","timestamp":"2025-12-19T17:23:55.716Z"}
{"level":"info","message":"recieved GET request to /api/post/all-posts","service":"post-service","timestamp":"2025-12-19T17:23:59.724Z"}
{"level":"info","message":"hit the caching middleware","service":"post-service","timestamp":"2025-12-19T17:23:59.724Z"}
{"level":"info","message":"recieved GET request to /api/post/all-posts","service":"post-service","timestamp":"2025-12-19T17:24:00.820Z"}
{"level":"info","message":"hit the caching middleware","service":"post-service","timestamp":"2025-12-19T17:24:00.820Z"}
{"level":"info","message":"redis connection is established","service":"post-service","timestamp":"2025-12-20T07:53:16.774Z"}
{"level":"info","message":"connected to mongodb","service":"post-service","timestamp":"2025-12-20T07:53:16.790Z"}
{"level":"info","message":"redis is ready","service":"post-service","timestamp":"2025-12-20T07:53:16.793Z"}
{"level":"info","message":"recieved GET request to /api/post/all-posts","service":"post-service","timestamp":"2025-12-20T07:57:15.364Z"}
{"level":"info","message":"success caching the get all posts","service":"post-service","timestamp":"2025-12-20T07:57:15.400Z"}
{"address":"127.0.0.1","code":"ECONNREFUSED","errno":-111,"level":"error","message":"redis connection error connect ECONNREFUSED 127.0.0.1:6379","port":6379,"service":"post-service","stack":"Error: connect ECONNREFUSED 127.0.0.1:6379\n    at TCPConnectWrap.afterConnect [as oncomplete] (node:net:1637:16)","syscall":"connect","timestamp":"2025-12-20T10:47:09.580Z"}
{"address":"127.0.0.1","code":"ECONNREFUSED","errno":-111,"level":"error","message":"redis connection error connect ECONNREFUSED 127.0.0.1:6379","port":6379,"service":"post-service","stack":"Error: connect ECONNREFUSED 127.0.0.1:6379\n    at TCPConnectWrap.afterConnect [as oncomplete] (node:net:1637:16)","syscall":"connect","timestamp":"2025-12-20T10:47:09.634Z"}
{"address":"127.0.0.1","code":"ECONNREFUSED","errno":-111,"level":"error","message":"redis connection error connect ECONNREFUSED 127.0.0.1:6379","port":6379,"service":"post-service","stack":"Error: connect ECONNREFUSED 127.0.0.1:6379\n    at TCPConnectWrap.afterConnect [as oncomplete] (node:net:1637:16)","syscall":"connect","timestamp":"2025-12-20T10:47:09.737Z"}
{"address":"127.0.0.1","code":"ECONNREFUSED","errno":-111,"level":"error","message":"redis connection error connect ECONNREFUSED 127.0.0.1:6379","port":6379,"service":"post-service","stack":"Error: connect ECONNREFUSED 127.0.0.1:6379\n    at TCPConnectWrap.afterConnect [as oncomplete] (node:net:1637:16)","syscall":"connect","timestamp":"2025-12-20T10:47:09.891Z"}
{"address":"127.0.0.1","code":"ECONNREFUSED","errno":-111,"level":"error","message":"redis connection error connect ECONNREFUSED 127.0.0.1:6379","port":6379,"service":"post-service","stack":"Error: connect ECONNREFUSED 127.0.0.1:6379\n    at TCPConnectWrap.afterConnect [as oncomplete] (node:net:1637:16)","syscall":"connect","timestamp":"2025-12-20T10:47:10.092Z"}
{"address":"127.0.0.1","code":"ECONNREFUSED","errno":-111,"level":"error","message":"redis connection error connect ECONNREFUSED 127.0.0.1:6379","port":6379,"service":"post-service","stack":"Error: connect ECONNREFUSED 127.0.0.1:6379\n    at TCPConnectWrap.afterConnect [as oncomplete] (node:net:1637:16)","syscall":"connect","timestamp":"2025-12-20T10:47:10.346Z"}
{"address":"127.0.0.1","code":"ECONNREFUSED","errno":-111,"level":"error","message":"redis connection error connect ECONNREFUSED 127.0.0.1:6379","port":6379,"service":"post-service","stack":"Error: connect ECONNREFUSED 127.0.0.1:6379\n    at TCPConnectWrap.afterConnect [as oncomplete] (node:net:1637:16)","syscall":"connect","timestamp":"2025-12-20T10:47:10.649Z"}
{"address":"127.0.0.1","code":"ECONNREFUSED","errno":-111,"level":"error","message":"redis connection error connect ECONNREFUSED 127.0.0.1:6379","port":6379,"service":"post-service","stack":"Error: connect ECONNREFUSED 127.0.0.1:6379\n    at TCPConnectWrap.afterConnect [as oncomplete] (node:net:1637:16)","syscall":"connect","timestamp":"2025-12-20T10:47:11.001Z"}
{"address":"127.0.0.1","code":"ECONNREFUSED","errno":-111,"level":"error","message":"redis connection error connect ECONNREFUSED 127.0.0.1:6379","port":6379,"service":"post-service","stack":"Error: connect ECONNREFUSED 127.0.0.1:6379\n    at TCPConnectWrap.afterConnect [as oncomplete] (node:net:1637:16)","syscall":"connect","timestamp":"2025-12-20T10:47:11.404Z"}
{"address":"127.0.0.1","code":"ECONNREFUSED","errno":-111,"level":"error","message":"redis connection error connect ECONNREFUSED 127.0.0.1:6379","port":6379,"service":"post-service","stack":"Error: connect ECONNREFUSED 127.0.0.1:6379\n    at TCPConnectWrap.afterConnect [as oncomplete] (node:net:1637:16)","syscall":"connect","timestamp":"2025-12-20T10:47:11.856Z"}
{"level":"info","message":"redis connection is established","service":"post-service","timestamp":"2025-12-20T10:47:30.961Z"}
{"level":"info","message":"connected to mongodb","service":"post-service","timestamp":"2025-12-20T10:47:30.975Z"}
{"level":"info","message":"redis is ready","service":"post-service","timestamp":"2025-12-20T10:47:30.978Z"}
{"level":"info","message":"recieved GET request to /api/post/all-posts","service":"post-service","timestamp":"2025-12-20T10:48:35.544Z"}
{"level":"info","message":"success caching the get all posts","service":"post-service","timestamp":"2025-12-20T10:48:35.567Z"}
{"level":"info","message":"recieved GET request to /api/post/all-posts","service":"post-service","timestamp":"2025-12-20T12:48:00.649Z"}
{"level":"info","message":"success caching the get all posts","service":"post-service","timestamp":"2025-12-20T12:48:00.656Z"}
{"level":"info","message":"recieved POST request to /api/post/create","service":"post-service","timestamp":"2025-12-20T12:48:21.395Z"}
{"0":"\"","1":"m","10":" ","11":"i","12":"s","13":" ","14":"n","15":"o","16":"t","17":" ","18":"a","19":"l","2":"e","20":"l","21":"o","22":"w","23":"e","24":"d","3":"d","4":"i","5":"a","6":"I","7":"d","8":"s","9":"\"","level":"warn","message":"validation error while create a post","service":"post-service","timestamp":"2025-12-20T12:48:21.399Z"}
{"level":"info","message":"redis connection is established","service":"post-service","timestamp":"2025-12-20T12:48:46.398Z"}
{"level":"info","message":"connected to mongodb","service":"post-service","timestamp":"2025-12-20T12:48:46.412Z"}
{"level":"info","message":"redis is ready","service":"post-service","timestamp":"2025-12-20T12:48:46.415Z"}
{"level":"info","message":"recieved POST request to /api/post/create","service":"post-service","timestamp":"2025-12-20T12:48:50.881Z"}
{"level":"info","message":"caching invalidated successfully","service":"post-service","timestamp":"2025-12-20T12:48:50.899Z"}
{"level":"info","message":"post created successfully","service":"post-service","timestamp":"2025-12-20T12:48:50.899Z"}
{"level":"info","message":"recieved GET request to /api/post/all-posts","service":"post-service","timestamp":"2025-12-20T12:48:54.743Z"}
{"level":"info","message":"success caching the get all posts","service":"post-service","timestamp":"2025-12-20T12:48:54.756Z"}
{"level":"info","message":"redis connection is established","service":"post-service","timestamp":"2025-12-21T08:48:17.701Z"}
{"level":"info","message":"redis is ready","service":"post-service","timestamp":"2025-12-21T08:48:17.710Z"}
{"level":"info","message":"connected to mongodb","service":"post-service","timestamp":"2025-12-21T08:48:17.721Z"}
{"level":"info","message":"connected to RabbitMQ","service":"post-service","timestamp":"2025-12-21T08:48:17.758Z"}
{"level":"info","message":"redis connection is established","service":"post-service","timestamp":"2025-12-21T11:38:20.349Z"}
{"level":"info","message":"connected to mongodb","service":"post-service","timestamp":"2025-12-21T11:38:20.377Z"}
{"level":"info","message":"redis is ready","service":"post-service","timestamp":"2025-12-21T11:38:20.381Z"}
{"level":"info","message":"connected to RabbitMQ","service":"post-service","timestamp":"2025-12-21T11:38:20.405Z"}
{"level":"info","message":"redis connection is established","service":"post-service","timestamp":"2025-12-21T11:38:57.446Z"}
{"level":"info","message":"connected to mongodb","service":"post-service","timestamp":"2025-12-21T11:38:57.464Z"}
{"level":"info","message":"redis is ready","service":"post-service","timestamp":"2025-12-21T11:38:57.467Z"}
{"level":"info","message":"connected to RabbitMQ","service":"post-service","timestamp":"2025-12-21T11:38:57.496Z"}
{"level":"info","message":"redis connection is established","service":"post-service","timestamp":"2025-12-21T11:39:16.152Z"}
{"level":"info","message":"connected to mongodb","service":"post-service","timestamp":"2025-12-21T11:39:16.171Z"}
{"level":"info","message":"redis is ready","service":"post-service","timestamp":"2025-12-21T11:39:16.176Z"}
{"level":"info","message":"connected to RabbitMQ","service":"post-service","timestamp":"2025-12-21T11:39:16.212Z"}
{"level":"info","message":"redis connection is established","service":"post-service","timestamp":"2025-12-21T11:39:20.540Z"}
{"level":"info","message":"connected to mongodb","service":"post-service","timestamp":"2025-12-21T11:39:20.560Z"}
{"level":"info","message":"redis is ready","service":"post-service","timestamp":"2025-12-21T11:39:20.563Z"}
{"level":"info","message":"connected to RabbitMQ","service":"post-service","timestamp":"2025-12-21T11:39:20.593Z"}
{"level":"info","message":"redis connection is established","service":"post-service","timestamp":"2025-12-21T11:44:57.858Z"}
{"level":"info","message":"connected to mongodb","service":"post-service","timestamp":"2025-12-21T11:44:57.874Z"}
{"level":"info","message":"redis is ready","service":"post-service","timestamp":"2025-12-21T11:44:57.876Z"}
{"level":"info","message":"connected to RabbitMQ","service":"post-service","timestamp":"2025-12-21T11:44:57.911Z"}
{"level":"info","message":"redis connection is established","service":"post-service","timestamp":"2025-12-21T11:46:01.800Z"}
{"level":"info","message":"connected to mongodb","service":"post-service","timestamp":"2025-12-21T11:46:01.817Z"}
{"level":"info","message":"redis is ready","service":"post-service","timestamp":"2025-12-21T11:46:01.819Z"}
{"level":"info","message":"connected to RabbitMQ","service":"post-service","timestamp":"2025-12-21T11:46:01.852Z"}
{"level":"info","message":"redis connection is established","service":"post-service","timestamp":"2025-12-21T11:46:13.172Z"}
{"level":"info","message":"connected to mongodb","service":"post-service","timestamp":"2025-12-21T11:46:13.190Z"}
{"level":"info","message":"redis is ready","service":"post-service","timestamp":"2025-12-21T11:46:13.192Z"}
{"level":"info","message":"connected to RabbitMQ","service":"post-service","timestamp":"2025-12-21T11:46:13.223Z"}
{"level":"info","message":"redis connection is established","service":"post-service","timestamp":"2025-12-21T11:46:49.263Z"}
{"level":"info","message":"connected to mongodb","service":"post-service","timestamp":"2025-12-21T11:46:49.282Z"}
{"level":"info","message":"redis is ready","service":"post-service","timestamp":"2025-12-21T11:46:49.285Z"}
{"level":"info","message":"connected to RabbitMQ","service":"post-service","timestamp":"2025-12-21T11:46:49.313Z"}
{"level":"info","message":"redis connection is established","service":"post-service","timestamp":"2025-12-21T12:00:40.285Z"}
{"level":"info","message":"connected to mongodb","service":"post-service","timestamp":"2025-12-21T12:00:40.316Z"}
{"level":"info","message":"redis is ready","service":"post-service","timestamp":"2025-12-21T12:00:40.319Z"}
{"level":"info","message":"connected to RabbitMQ","service":"post-service","timestamp":"2025-12-21T12:00:40.344Z"}
{"level":"info","message":"redis connection is established","service":"post-service","timestamp":"2025-12-21T12:18:30.429Z"}
{"level":"info","message":"connected to mongodb","service":"post-service","timestamp":"2025-12-21T12:18:30.451Z"}
{"level":"info","message":"redis is ready","service":"post-service","timestamp":"2025-12-21T12:18:30.455Z"}
{"classId":40,"code":406,"level":"error","message":"error connecting to RabbitMQ Operation failed: ExchangeDeclare; 406 (PRECONDITION-FAILED) with message \"PRECONDITION_FAILED - inequivalent arg 'durable' for exchange 'facebook_events' in vhost '/': received 'true' but current is 'false'\"","methodId":10,"service":"post-service","stack":"Error: Operation failed: ExchangeDeclare; 406 (PRECONDITION-FAILED) with message \"PRECONDITION_FAILED - inequivalent arg 'durable' for exchange 'facebook_events' in vhost '/': received 'true' but current is 'false'\"\n    at reply (/home/dimasmukhtar/Documents/learning/microservice/social-media-backend/post-service/node_modules/.pnpm/amqplib@0.10.9/node_modules/amqplib/lib/channel.js:141:31)\n    at Channel.accept (/home/dimasmukhtar/Documents/learning/microservice/social-media-backend/post-service/node_modules/.pnpm/amqplib@0.10.9/node_modules/amqplib/lib/channel.js:319:9)\n    at Connection.mainAccept [as accept] (/home/dimasmukhtar/Documents/learning/microservice/social-media-backend/post-service/node_modules/.pnpm/amqplib@0.10.9/node_modules/amqplib/lib/connection.js:579:33)\n    at Socket.go (/home/dimasmukhtar/Documents/learning/microservice/social-media-backend/post-service/node_modules/.pnpm/amqplib@0.10.9/node_modules/amqplib/lib/connection.js:431:16)\n    at Socket.emit (node:events:508:28)\n    at emitReadable_ (node:internal/streams/readable:832:12)\n    at processTicksAndRejections (node:internal/process/task_queues:88:21)","timestamp":"2025-12-21T12:18:30.486Z"}
{"level":"info","message":"redis connection is established","service":"post-service","timestamp":"2025-12-21T12:19:07.419Z"}
{"level":"info","message":"connected to mongodb","service":"post-service","timestamp":"2025-12-21T12:19:07.442Z"}
{"level":"info","message":"redis is ready","service":"post-service","timestamp":"2025-12-21T12:19:07.446Z"}
{"classId":40,"code":406,"level":"error","message":"error connecting to RabbitMQ Operation failed: ExchangeDeclare; 406 (PRECONDITION-FAILED) with message \"PRECONDITION_FAILED - inequivalent arg 'durable' for exchange 'facebook_events' in vhost '/': received 'true' but current is 'false'\"","methodId":10,"service":"post-service","stack":"Error: Operation failed: ExchangeDeclare; 406 (PRECONDITION-FAILED) with message \"PRECONDITION_FAILED - inequivalent arg 'durable' for exchange 'facebook_events' in vhost '/': received 'true' but current is 'false'\"\n    at reply (/home/dimasmukhtar/Documents/learning/microservice/social-media-backend/post-service/node_modules/.pnpm/amqplib@0.10.9/node_modules/amqplib/lib/channel.js:141:31)\n    at Channel.accept (/home/dimasmukhtar/Documents/learning/microservice/social-media-backend/post-service/node_modules/.pnpm/amqplib@0.10.9/node_modules/amqplib/lib/channel.js:319:9)\n    at Connection.mainAccept [as accept] (/home/dimasmukhtar/Documents/learning/microservice/social-media-backend/post-service/node_modules/.pnpm/amqplib@0.10.9/node_modules/amqplib/lib/connection.js:579:33)\n    at Socket.go (/home/dimasmukhtar/Documents/learning/microservice/social-media-backend/post-service/node_modules/.pnpm/amqplib@0.10.9/node_modules/amqplib/lib/connection.js:431:16)\n    at Socket.emit (node:events:508:28)\n    at emitReadable_ (node:internal/streams/readable:832:12)\n    at processTicksAndRejections (node:internal/process/task_queues:88:21)","timestamp":"2025-12-21T12:19:07.475Z"}
{"level":"info","message":"redis connection is established","service":"post-service","timestamp":"2025-12-21T12:19:08.813Z"}
{"level":"info","message":"connected to mongodb","service":"post-service","timestamp":"2025-12-21T12:19:08.828Z"}
{"level":"info","message":"redis is ready","service":"post-service","timestamp":"2025-12-21T12:19:08.831Z"}
{"classId":40,"code":406,"level":"error","message":"error connecting to RabbitMQ Operation failed: ExchangeDeclare; 406 (PRECONDITION-FAILED) with message \"PRECONDITION_FAILED - inequivalent arg 'durable' for exchange 'facebook_events' in vhost '/': received 'true' but current is 'false'\"","methodId":10,"service":"post-service","stack":"Error: Operation failed: ExchangeDeclare; 406 (PRECONDITION-FAILED) with message \"PRECONDITION_FAILED - inequivalent arg 'durable' for exchange 'facebook_events' in vhost '/': received 'true' but current is 'false'\"\n    at reply (/home/dimasmukhtar/Documents/learning/microservice/social-media-backend/post-service/node_modules/.pnpm/amqplib@0.10.9/node_modules/amqplib/lib/channel.js:141:31)\n    at Channel.accept (/home/dimasmukhtar/Documents/learning/microservice/social-media-backend/post-service/node_modules/.pnpm/amqplib@0.10.9/node_modules/amqplib/lib/channel.js:319:9)\n    at Connection.mainAccept [as accept] (/home/dimasmukhtar/Documents/learning/microservice/social-media-backend/post-service/node_modules/.pnpm/amqplib@0.10.9/node_modules/amqplib/lib/connection.js:579:33)\n    at Socket.go (/home/dimasmukhtar/Documents/learning/microservice/social-media-backend/post-service/node_modules/.pnpm/amqplib@0.10.9/node_modules/amqplib/lib/connection.js:431:16)\n    at Socket.emit (node:events:508:28)\n    at emitReadable_ (node:internal/streams/readable:832:12)\n    at processTicksAndRejections (node:internal/process/task_queues:88:21)","timestamp":"2025-12-21T12:19:08.867Z"}
{"level":"info","message":"redis connection is established","service":"post-service","timestamp":"2025-12-21T12:20:11.067Z"}
{"level":"info","message":"connected to mongodb","service":"post-service","timestamp":"2025-12-21T12:20:11.084Z"}
{"level":"info","message":"redis is ready","service":"post-service","timestamp":"2025-12-21T12:20:11.087Z"}
{"level":"info","message":"connected to RabbitMQ","service":"post-service","timestamp":"2025-12-21T12:20:11.134Z"}
{"level":"info","message":"redis connection is established","service":"post-service","timestamp":"2025-12-21T12:34:38.733Z"}
{"level":"info","message":"connected to mongodb","service":"post-service","timestamp":"2025-12-21T12:34:38.753Z"}
{"level":"info","message":"redis is ready","service":"post-service","timestamp":"2025-12-21T12:34:38.756Z"}
{"level":"info","message":"connected to RabbitMQ","service":"post-service","timestamp":"2025-12-21T12:34:38.784Z"}
{"level":"info","message":"recieved GET request to /api/post/all-posts","service":"post-service","timestamp":"2025-12-21T12:38:20.569Z"}
{"level":"info","message":"success caching the get all posts","service":"post-service","timestamp":"2025-12-21T12:38:20.590Z"}
{"level":"info","message":"recieved DELETE request to /api/post/delete/69469b323cc70940a6410e2d","service":"post-service","timestamp":"2025-12-21T12:39:07.612Z"}
{"0":"p","1":"o","10":"e","11":"d","2":"s","3":"t","4":".","5":"d","6":"e","7":"l","8":"e","9":"t","level":"info","message":"message successfully published to queque with routing key: ","service":"post-service","timestamp":"2025-12-21T12:39:07.619Z"}
{"level":"info","message":"caching invalidated successfully","service":"post-service","timestamp":"2025-12-21T12:39:07.621Z"}
{"level":"info","message":"redis connection is established","service":"post-service","timestamp":"2025-12-21T12:47:00.435Z"}
{"level":"info","message":"connected to mongodb","service":"post-service","timestamp":"2025-12-21T12:47:00.456Z"}
{"level":"info","message":"redis is ready","service":"post-service","timestamp":"2025-12-21T12:47:00.458Z"}
{"level":"info","message":"connected to RabbitMQ","service":"post-service","timestamp":"2025-12-21T12:47:00.491Z"}
